<?xml version="1.0" encoding="UTF-8"?>
<!-- Generated by org.testng.reporters.JUnitReportReporter -->
<testsuite hostname="Rajesh-i5" failures="0" tests="1" name="carlmarx.Carlmarx1" time="0.004" errors="0" timestamp="2022-09-28T23:41:46 IST" skipped="0">
  <testcase classname="carlmarx.Carlmarx1" name="dragon" time="0.004"/>
  <system-out/>
</testsuite> <!-- carlmarx.Carlmarx1 -->
